2026-06-22 23:29:27,132 - TeleBot - ERROR - Threaded polling exception: A request to the Telegram API was unsuccessful. Error code: 409. Description: Conflict: terminated by other getUpdates request; make sure that only one bot instance is running
2026-06-22 23:29:27,135 - TeleBot - ERROR - Exception traceback:
Traceback (most recent call last):
  File "C:\Users\Алёнушка\AppData\Local\Programs\Python\Python314\Lib\site-packages\telebot\__init__.py", line 1260, in __threaded_polling
    polling_thread.raise_exceptions()
    ~~~~~~~~~~~~~~~~~~~~~~~~~~~~~~~^^
  File "C:\Users\Алёнушка\AppData\Local\Programs\Python\Python314\Lib\site-packages\telebot\util.py", line 116, in raise_exceptions
    raise self.exception_info
  File "C:\Users\Алёнушка\AppData\Local\Programs\Python\Python314\Lib\site-packages\telebot\util.py", line 98, in run
    task(*args, **kwargs)
    ~~~~^^^^^^^^^^^^^^^^^
  File "C:\Users\Алёнушка\AppData\Local\Programs\Python\Python314\Lib\site-packages\telebot\__init__.py", line 690, in __retrieve_updates
    updates = self.get_updates(offset=(self.last_update_id + 1),
                               allowed_updates=allowed_updates,
                               timeout=timeout, long_polling_timeout=long_polling_timeout)
  File "C:\Users\Алёнушка\AppData\Local\Programs\Python\Python314\Lib\site-packages\telebot\__init__.py", line 662, in get_updates
    json_updates = apihelper.get_updates(
        self.token, offset=offset, limit=limit, timeout=timeout, allowed_updates=allowed_updates,
        long_polling_timeout=long_polling_timeout)
  File "C:\Users\Алёнушка\AppData\Local\Programs\Python\Python314\Lib\site-packages\telebot\apihelper.py", line 339, in get_updates
    return _make_request(token, method_url, params=payload)
  File "C:\Users\Алёнушка\AppData\Local\Programs\Python\Python314\Lib\site-packages\telebot\apihelper.py", line 168, in _make_request
    json_result = _check_result(method_name, result)
  File "C:\Users\Алёнушка\AppData\Local\Programs\Python\Python314\Lib\site-packages\telebot\apihelper.py", line 197, in _check_result
    raise ApiTelegramException(method_name, result, result_json)
telebot.apihelper.ApiTelegramException: A request to the Telegram API was unsuccessful. Error code: 409. Description: Conflict: terminated by other getUpdates request; make sure that only one bot instance is running

2026-06-22 23:38:45,353 - __main__ - ERROR - Критическая ошибка: A request to the Telegram API was unsuccessful. Error code: 409. Description: Conflict: terminated by other getUpdates request; make sure that only one bot instance is running
2026-06-22 23:38:56,058 - __main__ - ERROR - Критическая ошибка: A request to the Telegram API was unsuccessful. Error code: 409. Description: Conflict: terminated by other getUpdates request; make sure that only one bot instance is running
2026-06-22 23:39:14,244 - __main__ - ERROR - Критическая ошибка: A request to the Telegram API was unsuccessful. Error code: 409. Description: Conflict: terminated by other getUpdates request; make sure that only one bot instance is running
2026-06-22 23:39:50,403 - __main__ - ERROR - Ошибка при создании счета: A request to the Telegram API was unsuccessful. Error code: 400. Description: Bad Request: PAYMENT_PROVIDER_INVALID
2026-06-22 23:39:50,977 - __main__ - INFO - Уведомление о неудачной оплате отправлено тренеру. Пользователь: 1215318173
2026-06-22 23:41:36,020 - __main__ - ERROR - Ошибка при создании счета: A request to the Telegram API was unsuccessful. Error code: 400. Description: Bad Request: PAYMENT_PROVIDER_INVALID
2026-06-22 23:41:36,559 - __main__ - INFO - Уведомление о неудачной оплате отправлено тренеру. Пользователь: 1215318173
